CRITICAL - 2021-01-31 22:20:16 --> Unable to connect to the database.
#0 C:\xampp\htdocs\ltsa1\vendor\codeigniter4\framework\system\Database\BaseConnection.php(646): CodeIgniter\Database\BaseConnection->initialize()
#1 C:\xampp\htdocs\ltsa1\vendor\codeigniter4\framework\system\Database\BaseBuilder.php(1860): CodeIgniter\Database\BaseConnection->query('SELECT *\nFROM `...', Array, false)
#2 C:\xampp\htdocs\ltsa1\app\Models\SumberModel.php(14): CodeIgniter\Database\BaseBuilder->get()
#3 C:\xampp\htdocs\ltsa1\app\Controllers\Sumber.php(21): App\Models\SumberModel->get_sumber()
#4 C:\xampp\htdocs\ltsa1\vendor\codeigniter4\framework\system\CodeIgniter.php(918): App\Controllers\Sumber->s_materi()
#5 C:\xampp\htdocs\ltsa1\vendor\codeigniter4\framework\system\CodeIgniter.php(404): CodeIgniter\CodeIgniter->runController(Object(App\Controllers\Sumber))
#6 C:\xampp\htdocs\ltsa1\vendor\codeigniter4\framework\system\CodeIgniter.php(312): CodeIgniter\CodeIgniter->handleRequest(NULL, Object(Config\Cache), false)
#7 C:\xampp\htdocs\ltsa1\public\index.php(45): CodeIgniter\CodeIgniter->run()
#8 C:\xampp\htdocs\ltsa1\vendor\codeigniter4\framework\system\Commands\Server\rewrite.php(34): require_once('C:\\xampp\\htdocs...')
#9 {main}
CRITICAL - 2021-01-31 22:57:58 --> syntax error, unexpected '}', expecting end of file
#0 C:\xampp\htdocs\ltsa1\vendor\codeigniter4\framework\system\Common.php(1119): CodeIgniter\View\View->render('sumber/s_materi', Array, true)
#1 C:\xampp\htdocs\ltsa1\app\Views\layout\content.php(3): view('sumber/s_materi')
#2 C:\xampp\htdocs\ltsa1\vendor\codeigniter4\framework\system\View\View.php(246): include('C:\\xampp\\htdocs...')
#3 C:\xampp\htdocs\ltsa1\vendor\codeigniter4\framework\system\Common.php(1119): CodeIgniter\View\View->render('layout/content....', Array, true)
#4 C:\xampp\htdocs\ltsa1\app\Views\layout\wrapper.php(5): view('layout/content....')
#5 C:\xampp\htdocs\ltsa1\vendor\codeigniter4\framework\system\View\View.php(246): include('C:\\xampp\\htdocs...')
#6 C:\xampp\htdocs\ltsa1\vendor\codeigniter4\framework\system\Common.php(1119): CodeIgniter\View\View->render('layout/wrapper', Array, true)
#7 C:\xampp\htdocs\ltsa1\app\Controllers\Sumber.php(25): view('layout/wrapper', Array)
#8 C:\xampp\htdocs\ltsa1\vendor\codeigniter4\framework\system\CodeIgniter.php(918): App\Controllers\Sumber->s_materi()
#9 C:\xampp\htdocs\ltsa1\vendor\codeigniter4\framework\system\CodeIgniter.php(404): CodeIgniter\CodeIgniter->runController(Object(App\Controllers\Sumber))
#10 C:\xampp\htdocs\ltsa1\vendor\codeigniter4\framework\system\CodeIgniter.php(312): CodeIgniter\CodeIgniter->handleRequest(NULL, Object(Config\Cache), false)
#11 C:\xampp\htdocs\ltsa1\public\index.php(45): CodeIgniter\CodeIgniter->run()
#12 C:\xampp\htdocs\ltsa1\vendor\codeigniter4\framework\system\Commands\Server\rewrite.php(34): require_once('C:\\xampp\\htdocs...')
#13 {main}
