CRITICAL - 2021-06-02 00:38:40 --> Undefined index: id_siswa
#0 C:\xampp\htdocs\ltsa1\app\Views\siswa\nilai.php(74): CodeIgniter\Debug\Exceptions->errorHandler(8, 'Undefined index...', 'C:\\xampp\\htdocs...', 74, Array)
#1 C:\xampp\htdocs\ltsa1\vendor\codeigniter4\framework\system\View\View.php(246): include('C:\\xampp\\htdocs...')
#2 C:\xampp\htdocs\ltsa1\vendor\codeigniter4\framework\system\Common.php(1119): CodeIgniter\View\View->render('siswa/nilai', Array, true)
#3 C:\xampp\htdocs\ltsa1\app\Views\layout\content.php(3): view('siswa/nilai')
#4 C:\xampp\htdocs\ltsa1\vendor\codeigniter4\framework\system\View\View.php(246): include('C:\\xampp\\htdocs...')
#5 C:\xampp\htdocs\ltsa1\vendor\codeigniter4\framework\system\Common.php(1119): CodeIgniter\View\View->render('layout/content....', Array, true)
#6 C:\xampp\htdocs\ltsa1\app\Views\layout\wrapper.php(5): view('layout/content....')
#7 C:\xampp\htdocs\ltsa1\vendor\codeigniter4\framework\system\View\View.php(246): include('C:\\xampp\\htdocs...')
#8 C:\xampp\htdocs\ltsa1\vendor\codeigniter4\framework\system\Common.php(1119): CodeIgniter\View\View->render('layout/wrapper', Array, true)
#9 C:\xampp\htdocs\ltsa1\app\Controllers\Siswa.php(106): view('layout/wrapper', Array)
#10 C:\xampp\htdocs\ltsa1\vendor\codeigniter4\framework\system\CodeIgniter.php(918): App\Controllers\Siswa->nilai('1')
#11 C:\xampp\htdocs\ltsa1\vendor\codeigniter4\framework\system\CodeIgniter.php(404): CodeIgniter\CodeIgniter->runController(Object(App\Controllers\Siswa))
#12 C:\xampp\htdocs\ltsa1\vendor\codeigniter4\framework\system\CodeIgniter.php(312): CodeIgniter\CodeIgniter->handleRequest(NULL, Object(Config\Cache), false)
#13 C:\xampp\htdocs\ltsa1\public\index.php(45): CodeIgniter\CodeIgniter->run()
#14 C:\xampp\htdocs\ltsa1\vendor\codeigniter4\framework\system\Commands\Server\rewrite.php(34): require_once('C:\\xampp\\htdocs...')
#15 {main}
CRITICAL - 2021-06-02 00:50:35 --> Too few arguments to function App\Controllers\Siswa::nilai(), 0 passed in C:\xampp\htdocs\ltsa1\vendor\codeigniter4\framework\system\CodeIgniter.php on line 918 and exactly 1 expected
#0 C:\xampp\htdocs\ltsa1\vendor\codeigniter4\framework\system\CodeIgniter.php(918): App\Controllers\Siswa->nilai()
#1 C:\xampp\htdocs\ltsa1\vendor\codeigniter4\framework\system\CodeIgniter.php(404): CodeIgniter\CodeIgniter->runController(Object(App\Controllers\Siswa))
#2 C:\xampp\htdocs\ltsa1\vendor\codeigniter4\framework\system\CodeIgniter.php(312): CodeIgniter\CodeIgniter->handleRequest(NULL, Object(Config\Cache), false)
#3 C:\xampp\htdocs\ltsa1\public\index.php(45): CodeIgniter\CodeIgniter->run()
#4 C:\xampp\htdocs\ltsa1\vendor\codeigniter4\framework\system\Commands\Server\rewrite.php(34): require_once('C:\\xampp\\htdocs...')
#5 {main}
CRITICAL - 2021-06-02 00:57:25 --> Too few arguments to function App\Controllers\Siswa::t_nilai(), 0 passed in C:\xampp\htdocs\ltsa1\vendor\codeigniter4\framework\system\CodeIgniter.php on line 918 and exactly 1 expected
#0 C:\xampp\htdocs\ltsa1\vendor\codeigniter4\framework\system\CodeIgniter.php(918): App\Controllers\Siswa->t_nilai()
#1 C:\xampp\htdocs\ltsa1\vendor\codeigniter4\framework\system\CodeIgniter.php(404): CodeIgniter\CodeIgniter->runController(Object(App\Controllers\Siswa))
#2 C:\xampp\htdocs\ltsa1\vendor\codeigniter4\framework\system\CodeIgniter.php(312): CodeIgniter\CodeIgniter->handleRequest(NULL, Object(Config\Cache), false)
#3 C:\xampp\htdocs\ltsa1\public\index.php(45): CodeIgniter\CodeIgniter->run()
#4 C:\xampp\htdocs\ltsa1\vendor\codeigniter4\framework\system\Commands\Server\rewrite.php(34): require_once('C:\\xampp\\htdocs...')
#5 {main}
CRITICAL - 2021-06-02 00:57:34 --> Undefined index: pelajaran
#0 C:\xampp\htdocs\ltsa1\app\Views\siswa\t_nilai.php(12): CodeIgniter\Debug\Exceptions->errorHandler(8, 'Undefined index...', 'C:\\xampp\\htdocs...', 12, Array)
#1 C:\xampp\htdocs\ltsa1\vendor\codeigniter4\framework\system\View\View.php(246): include('C:\\xampp\\htdocs...')
#2 C:\xampp\htdocs\ltsa1\vendor\codeigniter4\framework\system\Common.php(1119): CodeIgniter\View\View->render('siswa/t_nilai', Array, true)
#3 C:\xampp\htdocs\ltsa1\app\Views\layout\content.php(3): view('siswa/t_nilai')
#4 C:\xampp\htdocs\ltsa1\vendor\codeigniter4\framework\system\View\View.php(246): include('C:\\xampp\\htdocs...')
#5 C:\xampp\htdocs\ltsa1\vendor\codeigniter4\framework\system\Common.php(1119): CodeIgniter\View\View->render('layout/content....', Array, true)
#6 C:\xampp\htdocs\ltsa1\app\Views\layout\wrapper.php(5): view('layout/content....')
#7 C:\xampp\htdocs\ltsa1\vendor\codeigniter4\framework\system\View\View.php(246): include('C:\\xampp\\htdocs...')
#8 C:\xampp\htdocs\ltsa1\vendor\codeigniter4\framework\system\Common.php(1119): CodeIgniter\View\View->render('layout/wrapper', Array, true)
#9 C:\xampp\htdocs\ltsa1\app\Controllers\Siswa.php(116): view('layout/wrapper', Array)
#10 C:\xampp\htdocs\ltsa1\vendor\codeigniter4\framework\system\CodeIgniter.php(918): App\Controllers\Siswa->t_nilai('1')
#11 C:\xampp\htdocs\ltsa1\vendor\codeigniter4\framework\system\CodeIgniter.php(404): CodeIgniter\CodeIgniter->runController(Object(App\Controllers\Siswa))
#12 C:\xampp\htdocs\ltsa1\vendor\codeigniter4\framework\system\CodeIgniter.php(312): CodeIgniter\CodeIgniter->handleRequest(NULL, Object(Config\Cache), false)
#13 C:\xampp\htdocs\ltsa1\public\index.php(45): CodeIgniter\CodeIgniter->run()
#14 C:\xampp\htdocs\ltsa1\vendor\codeigniter4\framework\system\Commands\Server\rewrite.php(34): require_once('C:\\xampp\\htdocs...')
#15 {main}
CRITICAL - 2021-06-02 01:12:01 --> Too few arguments to function App\Controllers\Siswa::nilai(), 0 passed in C:\xampp\htdocs\ltsa1\vendor\codeigniter4\framework\system\CodeIgniter.php on line 918 and exactly 1 expected
#0 C:\xampp\htdocs\ltsa1\vendor\codeigniter4\framework\system\CodeIgniter.php(918): App\Controllers\Siswa->nilai()
#1 C:\xampp\htdocs\ltsa1\vendor\codeigniter4\framework\system\CodeIgniter.php(404): CodeIgniter\CodeIgniter->runController(Object(App\Controllers\Siswa))
#2 C:\xampp\htdocs\ltsa1\vendor\codeigniter4\framework\system\CodeIgniter.php(312): CodeIgniter\CodeIgniter->handleRequest(NULL, Object(Config\Cache), false)
#3 C:\xampp\htdocs\ltsa1\public\index.php(45): CodeIgniter\CodeIgniter->run()
#4 C:\xampp\htdocs\ltsa1\vendor\codeigniter4\framework\system\Commands\Server\rewrite.php(34): require_once('C:\\xampp\\htdocs...')
#5 {main}
CRITICAL - 2021-06-02 01:14:54 --> Too few arguments to function App\Controllers\Siswa::tambah_nilai(), 0 passed in C:\xampp\htdocs\ltsa1\vendor\codeigniter4\framework\system\CodeIgniter.php on line 918 and exactly 1 expected
#0 C:\xampp\htdocs\ltsa1\vendor\codeigniter4\framework\system\CodeIgniter.php(918): App\Controllers\Siswa->tambah_nilai()
#1 C:\xampp\htdocs\ltsa1\vendor\codeigniter4\framework\system\CodeIgniter.php(404): CodeIgniter\CodeIgniter->runController(Object(App\Controllers\Siswa))
#2 C:\xampp\htdocs\ltsa1\vendor\codeigniter4\framework\system\CodeIgniter.php(312): CodeIgniter\CodeIgniter->handleRequest(NULL, Object(Config\Cache), false)
#3 C:\xampp\htdocs\ltsa1\public\index.php(45): CodeIgniter\CodeIgniter->run()
#4 C:\xampp\htdocs\ltsa1\vendor\codeigniter4\framework\system\Commands\Server\rewrite.php(34): require_once('C:\\xampp\\htdocs...')
#5 {main}
CRITICAL - 2021-06-02 01:41:10 --> Too few arguments to function App\Controllers\Siswa::nilai(), 0 passed in C:\xampp\htdocs\ltsa1\vendor\codeigniter4\framework\system\CodeIgniter.php on line 918 and exactly 1 expected
#0 C:\xampp\htdocs\ltsa1\vendor\codeigniter4\framework\system\CodeIgniter.php(918): App\Controllers\Siswa->nilai()
#1 C:\xampp\htdocs\ltsa1\vendor\codeigniter4\framework\system\CodeIgniter.php(404): CodeIgniter\CodeIgniter->runController(Object(App\Controllers\Siswa))
#2 C:\xampp\htdocs\ltsa1\vendor\codeigniter4\framework\system\CodeIgniter.php(312): CodeIgniter\CodeIgniter->handleRequest(NULL, Object(Config\Cache), false)
#3 C:\xampp\htdocs\ltsa1\public\index.php(45): CodeIgniter\CodeIgniter->run()
#4 C:\xampp\htdocs\ltsa1\vendor\codeigniter4\framework\system\Commands\Server\rewrite.php(34): require_once('C:\\xampp\\htdocs...')
#5 {main}
CRITICAL - 2021-06-02 01:45:56 --> Too few arguments to function App\Controllers\Siswa::nilai(), 0 passed in C:\xampp\htdocs\ltsa1\vendor\codeigniter4\framework\system\CodeIgniter.php on line 918 and exactly 1 expected
#0 C:\xampp\htdocs\ltsa1\vendor\codeigniter4\framework\system\CodeIgniter.php(918): App\Controllers\Siswa->nilai()
#1 C:\xampp\htdocs\ltsa1\vendor\codeigniter4\framework\system\CodeIgniter.php(404): CodeIgniter\CodeIgniter->runController(Object(App\Controllers\Siswa))
#2 C:\xampp\htdocs\ltsa1\vendor\codeigniter4\framework\system\CodeIgniter.php(312): CodeIgniter\CodeIgniter->handleRequest(NULL, Object(Config\Cache), false)
#3 C:\xampp\htdocs\ltsa1\public\index.php(45): CodeIgniter\CodeIgniter->run()
#4 C:\xampp\htdocs\ltsa1\vendor\codeigniter4\framework\system\Commands\Server\rewrite.php(34): require_once('C:\\xampp\\htdocs...')
#5 {main}
CRITICAL - 2021-06-02 01:48:43 --> Too few arguments to function App\Controllers\Siswa::nilai(), 0 passed in C:\xampp\htdocs\ltsa1\vendor\codeigniter4\framework\system\CodeIgniter.php on line 918 and exactly 1 expected
#0 C:\xampp\htdocs\ltsa1\vendor\codeigniter4\framework\system\CodeIgniter.php(918): App\Controllers\Siswa->nilai()
#1 C:\xampp\htdocs\ltsa1\vendor\codeigniter4\framework\system\CodeIgniter.php(404): CodeIgniter\CodeIgniter->runController(Object(App\Controllers\Siswa))
#2 C:\xampp\htdocs\ltsa1\vendor\codeigniter4\framework\system\CodeIgniter.php(312): CodeIgniter\CodeIgniter->handleRequest(NULL, Object(Config\Cache), false)
#3 C:\xampp\htdocs\ltsa1\public\index.php(45): CodeIgniter\CodeIgniter->run()
#4 C:\xampp\htdocs\ltsa1\vendor\codeigniter4\framework\system\Commands\Server\rewrite.php(34): require_once('C:\\xampp\\htdocs...')
#5 {main}
CRITICAL - 2021-06-02 01:49:20 --> Too few arguments to function App\Controllers\Siswa::t_nilai(), 0 passed in C:\xampp\htdocs\ltsa1\vendor\codeigniter4\framework\system\CodeIgniter.php on line 918 and exactly 1 expected
#0 C:\xampp\htdocs\ltsa1\vendor\codeigniter4\framework\system\CodeIgniter.php(918): App\Controllers\Siswa->t_nilai()
#1 C:\xampp\htdocs\ltsa1\vendor\codeigniter4\framework\system\CodeIgniter.php(404): CodeIgniter\CodeIgniter->runController(Object(App\Controllers\Siswa))
#2 C:\xampp\htdocs\ltsa1\vendor\codeigniter4\framework\system\CodeIgniter.php(312): CodeIgniter\CodeIgniter->handleRequest(NULL, Object(Config\Cache), false)
#3 C:\xampp\htdocs\ltsa1\public\index.php(45): CodeIgniter\CodeIgniter->run()
#4 C:\xampp\htdocs\ltsa1\vendor\codeigniter4\framework\system\Commands\Server\rewrite.php(34): require_once('C:\\xampp\\htdocs...')
#5 {main}
CRITICAL - 2021-06-02 02:10:32 --> Undefined index: id_siswa
#0 C:\xampp\htdocs\ltsa1\app\Views\siswa\result.php(13): CodeIgniter\Debug\Exceptions->errorHandler(8, 'Undefined index...', 'C:\\xampp\\htdocs...', 13, Array)
#1 C:\xampp\htdocs\ltsa1\vendor\codeigniter4\framework\system\View\View.php(246): include('C:\\xampp\\htdocs...')
#2 C:\xampp\htdocs\ltsa1\vendor\codeigniter4\framework\system\Common.php(1119): CodeIgniter\View\View->render('siswa/result', Array, true)
#3 C:\xampp\htdocs\ltsa1\app\Views\layout\content.php(3): view('siswa/result')
#4 C:\xampp\htdocs\ltsa1\vendor\codeigniter4\framework\system\View\View.php(246): include('C:\\xampp\\htdocs...')
#5 C:\xampp\htdocs\ltsa1\vendor\codeigniter4\framework\system\Common.php(1119): CodeIgniter\View\View->render('layout/content....', Array, true)
#6 C:\xampp\htdocs\ltsa1\app\Views\layout\wrapper.php(5): view('layout/content....')
#7 C:\xampp\htdocs\ltsa1\vendor\codeigniter4\framework\system\View\View.php(246): include('C:\\xampp\\htdocs...')
#8 C:\xampp\htdocs\ltsa1\vendor\codeigniter4\framework\system\Common.php(1119): CodeIgniter\View\View->render('layout/wrapper', Array, true)
#9 C:\xampp\htdocs\ltsa1\app\Controllers\Siswa.php(142): view('layout/wrapper', Array)
#10 C:\xampp\htdocs\ltsa1\vendor\codeigniter4\framework\system\CodeIgniter.php(918): App\Controllers\Siswa->result()
#11 C:\xampp\htdocs\ltsa1\vendor\codeigniter4\framework\system\CodeIgniter.php(404): CodeIgniter\CodeIgniter->runController(Object(App\Controllers\Siswa))
#12 C:\xampp\htdocs\ltsa1\vendor\codeigniter4\framework\system\CodeIgniter.php(312): CodeIgniter\CodeIgniter->handleRequest(NULL, Object(Config\Cache), false)
#13 C:\xampp\htdocs\ltsa1\public\index.php(45): CodeIgniter\CodeIgniter->run()
#14 C:\xampp\htdocs\ltsa1\vendor\codeigniter4\framework\system\Commands\Server\rewrite.php(34): require_once('C:\\xampp\\htdocs...')
#15 {main}
CRITICAL - 2021-06-02 06:32:56 --> Too few arguments to function App\Controllers\Siswa::result(), 0 passed in C:\xampp\htdocs\ltsa1\vendor\codeigniter4\framework\system\CodeIgniter.php on line 918 and exactly 1 expected
#0 C:\xampp\htdocs\ltsa1\vendor\codeigniter4\framework\system\CodeIgniter.php(918): App\Controllers\Siswa->result()
#1 C:\xampp\htdocs\ltsa1\vendor\codeigniter4\framework\system\CodeIgniter.php(404): CodeIgniter\CodeIgniter->runController(Object(App\Controllers\Siswa))
#2 C:\xampp\htdocs\ltsa1\vendor\codeigniter4\framework\system\CodeIgniter.php(312): CodeIgniter\CodeIgniter->handleRequest(NULL, Object(Config\Cache), false)
#3 C:\xampp\htdocs\ltsa1\public\index.php(45): CodeIgniter\CodeIgniter->run()
#4 C:\xampp\htdocs\ltsa1\vendor\codeigniter4\framework\system\Commands\Server\rewrite.php(34): require_once('C:\\xampp\\htdocs...')
#5 {main}
CRITICAL - 2021-06-02 06:37:03 --> Undefined index: id_siswa
#0 C:\xampp\htdocs\ltsa1\app\Views\siswa\nilai.php(74): CodeIgniter\Debug\Exceptions->errorHandler(8, 'Undefined index...', 'C:\\xampp\\htdocs...', 74, Array)
#1 C:\xampp\htdocs\ltsa1\vendor\codeigniter4\framework\system\View\View.php(246): include('C:\\xampp\\htdocs...')
#2 C:\xampp\htdocs\ltsa1\vendor\codeigniter4\framework\system\Common.php(1119): CodeIgniter\View\View->render('siswa/nilai', Array, true)
#3 C:\xampp\htdocs\ltsa1\app\Views\layout\content.php(3): view('siswa/nilai')
#4 C:\xampp\htdocs\ltsa1\vendor\codeigniter4\framework\system\View\View.php(246): include('C:\\xampp\\htdocs...')
#5 C:\xampp\htdocs\ltsa1\vendor\codeigniter4\framework\system\Common.php(1119): CodeIgniter\View\View->render('layout/content....', Array, true)
#6 C:\xampp\htdocs\ltsa1\app\Views\layout\wrapper.php(5): view('layout/content....')
#7 C:\xampp\htdocs\ltsa1\vendor\codeigniter4\framework\system\View\View.php(246): include('C:\\xampp\\htdocs...')
#8 C:\xampp\htdocs\ltsa1\vendor\codeigniter4\framework\system\Common.php(1119): CodeIgniter\View\View->render('layout/wrapper', Array, true)
#9 C:\xampp\htdocs\ltsa1\app\Controllers\Siswa.php(107): view('layout/wrapper', Array)
#10 C:\xampp\htdocs\ltsa1\vendor\codeigniter4\framework\system\CodeIgniter.php(918): App\Controllers\Siswa->nilai('2')
#11 C:\xampp\htdocs\ltsa1\vendor\codeigniter4\framework\system\CodeIgniter.php(404): CodeIgniter\CodeIgniter->runController(Object(App\Controllers\Siswa))
#12 C:\xampp\htdocs\ltsa1\vendor\codeigniter4\framework\system\CodeIgniter.php(312): CodeIgniter\CodeIgniter->handleRequest(NULL, Object(Config\Cache), false)
#13 C:\xampp\htdocs\ltsa1\public\index.php(45): CodeIgniter\CodeIgniter->run()
#14 C:\xampp\htdocs\ltsa1\vendor\codeigniter4\framework\system\Commands\Server\rewrite.php(34): require_once('C:\\xampp\\htdocs...')
#15 {main}
CRITICAL - 2021-06-02 06:37:39 --> Undefined index: id_siswa
#0 C:\xampp\htdocs\ltsa1\app\Views\siswa\nilai.php(74): CodeIgniter\Debug\Exceptions->errorHandler(8, 'Undefined index...', 'C:\\xampp\\htdocs...', 74, Array)
#1 C:\xampp\htdocs\ltsa1\vendor\codeigniter4\framework\system\View\View.php(246): include('C:\\xampp\\htdocs...')
#2 C:\xampp\htdocs\ltsa1\vendor\codeigniter4\framework\system\Common.php(1119): CodeIgniter\View\View->render('siswa/nilai', Array, true)
#3 C:\xampp\htdocs\ltsa1\app\Views\layout\content.php(3): view('siswa/nilai')
#4 C:\xampp\htdocs\ltsa1\vendor\codeigniter4\framework\system\View\View.php(246): include('C:\\xampp\\htdocs...')
#5 C:\xampp\htdocs\ltsa1\vendor\codeigniter4\framework\system\Common.php(1119): CodeIgniter\View\View->render('layout/content....', Array, true)
#6 C:\xampp\htdocs\ltsa1\app\Views\layout\wrapper.php(5): view('layout/content....')
#7 C:\xampp\htdocs\ltsa1\vendor\codeigniter4\framework\system\View\View.php(246): include('C:\\xampp\\htdocs...')
#8 C:\xampp\htdocs\ltsa1\vendor\codeigniter4\framework\system\Common.php(1119): CodeIgniter\View\View->render('layout/wrapper', Array, true)
#9 C:\xampp\htdocs\ltsa1\app\Controllers\Siswa.php(107): view('layout/wrapper', Array)
#10 C:\xampp\htdocs\ltsa1\vendor\codeigniter4\framework\system\CodeIgniter.php(918): App\Controllers\Siswa->nilai('2')
#11 C:\xampp\htdocs\ltsa1\vendor\codeigniter4\framework\system\CodeIgniter.php(404): CodeIgniter\CodeIgniter->runController(Object(App\Controllers\Siswa))
#12 C:\xampp\htdocs\ltsa1\vendor\codeigniter4\framework\system\CodeIgniter.php(312): CodeIgniter\CodeIgniter->handleRequest(NULL, Object(Config\Cache), false)
#13 C:\xampp\htdocs\ltsa1\public\index.php(45): CodeIgniter\CodeIgniter->run()
#14 C:\xampp\htdocs\ltsa1\vendor\codeigniter4\framework\system\Commands\Server\rewrite.php(34): require_once('C:\\xampp\\htdocs...')
#15 {main}
CRITICAL - 2021-06-02 07:02:28 --> Undefined variable: value
#0 C:\xampp\htdocs\ltsa1\app\Views\siswa\nilai.php(36): CodeIgniter\Debug\Exceptions->errorHandler(8, 'Undefined varia...', 'C:\\xampp\\htdocs...', 36, Array)
#1 C:\xampp\htdocs\ltsa1\vendor\codeigniter4\framework\system\View\View.php(246): include('C:\\xampp\\htdocs...')
#2 C:\xampp\htdocs\ltsa1\vendor\codeigniter4\framework\system\Common.php(1119): CodeIgniter\View\View->render('siswa/nilai', Array, true)
#3 C:\xampp\htdocs\ltsa1\app\Views\layout\content.php(3): view('siswa/nilai')
#4 C:\xampp\htdocs\ltsa1\vendor\codeigniter4\framework\system\View\View.php(246): include('C:\\xampp\\htdocs...')
#5 C:\xampp\htdocs\ltsa1\vendor\codeigniter4\framework\system\Common.php(1119): CodeIgniter\View\View->render('layout/content....', Array, true)
#6 C:\xampp\htdocs\ltsa1\app\Views\layout\wrapper.php(5): view('layout/content....')
#7 C:\xampp\htdocs\ltsa1\vendor\codeigniter4\framework\system\View\View.php(246): include('C:\\xampp\\htdocs...')
#8 C:\xampp\htdocs\ltsa1\vendor\codeigniter4\framework\system\Common.php(1119): CodeIgniter\View\View->render('layout/wrapper', Array, true)
#9 C:\xampp\htdocs\ltsa1\app\Controllers\Siswa.php(105): view('layout/wrapper', Array)
#10 C:\xampp\htdocs\ltsa1\vendor\codeigniter4\framework\system\CodeIgniter.php(918): App\Controllers\Siswa->nilai('1')
#11 C:\xampp\htdocs\ltsa1\vendor\codeigniter4\framework\system\CodeIgniter.php(404): CodeIgniter\CodeIgniter->runController(Object(App\Controllers\Siswa))
#12 C:\xampp\htdocs\ltsa1\vendor\codeigniter4\framework\system\CodeIgniter.php(312): CodeIgniter\CodeIgniter->handleRequest(NULL, Object(Config\Cache), false)
#13 C:\xampp\htdocs\ltsa1\public\index.php(45): CodeIgniter\CodeIgniter->run()
#14 C:\xampp\htdocs\ltsa1\vendor\codeigniter4\framework\system\Commands\Server\rewrite.php(34): require_once('C:\\xampp\\htdocs...')
#15 {main}
CRITICAL - 2021-06-02 07:03:04 --> Undefined variable: value
#0 C:\xampp\htdocs\ltsa1\app\Views\siswa\nilai.php(36): CodeIgniter\Debug\Exceptions->errorHandler(8, 'Undefined varia...', 'C:\\xampp\\htdocs...', 36, Array)
#1 C:\xampp\htdocs\ltsa1\vendor\codeigniter4\framework\system\View\View.php(246): include('C:\\xampp\\htdocs...')
#2 C:\xampp\htdocs\ltsa1\vendor\codeigniter4\framework\system\Common.php(1119): CodeIgniter\View\View->render('siswa/nilai', Array, true)
#3 C:\xampp\htdocs\ltsa1\app\Views\layout\content.php(3): view('siswa/nilai')
#4 C:\xampp\htdocs\ltsa1\vendor\codeigniter4\framework\system\View\View.php(246): include('C:\\xampp\\htdocs...')
#5 C:\xampp\htdocs\ltsa1\vendor\codeigniter4\framework\system\Common.php(1119): CodeIgniter\View\View->render('layout/content....', Array, true)
#6 C:\xampp\htdocs\ltsa1\app\Views\layout\wrapper.php(5): view('layout/content....')
#7 C:\xampp\htdocs\ltsa1\vendor\codeigniter4\framework\system\View\View.php(246): include('C:\\xampp\\htdocs...')
#8 C:\xampp\htdocs\ltsa1\vendor\codeigniter4\framework\system\Common.php(1119): CodeIgniter\View\View->render('layout/wrapper', Array, true)
#9 C:\xampp\htdocs\ltsa1\app\Controllers\Siswa.php(105): view('layout/wrapper', Array)
#10 C:\xampp\htdocs\ltsa1\vendor\codeigniter4\framework\system\CodeIgniter.php(918): App\Controllers\Siswa->nilai('1')
#11 C:\xampp\htdocs\ltsa1\vendor\codeigniter4\framework\system\CodeIgniter.php(404): CodeIgniter\CodeIgniter->runController(Object(App\Controllers\Siswa))
#12 C:\xampp\htdocs\ltsa1\vendor\codeigniter4\framework\system\CodeIgniter.php(312): CodeIgniter\CodeIgniter->handleRequest(NULL, Object(Config\Cache), false)
#13 C:\xampp\htdocs\ltsa1\public\index.php(45): CodeIgniter\CodeIgniter->run()
#14 C:\xampp\htdocs\ltsa1\vendor\codeigniter4\framework\system\Commands\Server\rewrite.php(34): require_once('C:\\xampp\\htdocs...')
#15 {main}
CRITICAL - 2021-06-02 07:06:32 --> Undefined variable: value
#0 C:\xampp\htdocs\ltsa1\app\Views\siswa\result.php(17): CodeIgniter\Debug\Exceptions->errorHandler(8, 'Undefined varia...', 'C:\\xampp\\htdocs...', 17, Array)
#1 C:\xampp\htdocs\ltsa1\vendor\codeigniter4\framework\system\View\View.php(246): include('C:\\xampp\\htdocs...')
#2 C:\xampp\htdocs\ltsa1\vendor\codeigniter4\framework\system\Common.php(1119): CodeIgniter\View\View->render('siswa/result', Array, true)
#3 C:\xampp\htdocs\ltsa1\app\Views\layout\content.php(3): view('siswa/result')
#4 C:\xampp\htdocs\ltsa1\vendor\codeigniter4\framework\system\View\View.php(246): include('C:\\xampp\\htdocs...')
#5 C:\xampp\htdocs\ltsa1\vendor\codeigniter4\framework\system\Common.php(1119): CodeIgniter\View\View->render('layout/content....', Array, true)
#6 C:\xampp\htdocs\ltsa1\app\Views\layout\wrapper.php(5): view('layout/content....')
#7 C:\xampp\htdocs\ltsa1\vendor\codeigniter4\framework\system\View\View.php(246): include('C:\\xampp\\htdocs...')
#8 C:\xampp\htdocs\ltsa1\vendor\codeigniter4\framework\system\Common.php(1119): CodeIgniter\View\View->render('layout/wrapper', Array, true)
#9 C:\xampp\htdocs\ltsa1\app\Controllers\Siswa.php(116): view('layout/wrapper', Array)
#10 C:\xampp\htdocs\ltsa1\vendor\codeigniter4\framework\system\CodeIgniter.php(918): App\Controllers\Siswa->data('1')
#11 C:\xampp\htdocs\ltsa1\vendor\codeigniter4\framework\system\CodeIgniter.php(404): CodeIgniter\CodeIgniter->runController(Object(App\Controllers\Siswa))
#12 C:\xampp\htdocs\ltsa1\vendor\codeigniter4\framework\system\CodeIgniter.php(312): CodeIgniter\CodeIgniter->handleRequest(NULL, Object(Config\Cache), false)
#13 C:\xampp\htdocs\ltsa1\public\index.php(45): CodeIgniter\CodeIgniter->run()
#14 C:\xampp\htdocs\ltsa1\vendor\codeigniter4\framework\system\Commands\Server\rewrite.php(34): require_once('C:\\xampp\\htdocs...')
#15 {main}
CRITICAL - 2021-06-02 07:07:38 --> Undefined variable: nilai
#0 C:\xampp\htdocs\ltsa1\app\Views\siswa\result.php(8): CodeIgniter\Debug\Exceptions->errorHandler(8, 'Undefined varia...', 'C:\\xampp\\htdocs...', 8, Array)
#1 C:\xampp\htdocs\ltsa1\vendor\codeigniter4\framework\system\View\View.php(246): include('C:\\xampp\\htdocs...')
#2 C:\xampp\htdocs\ltsa1\vendor\codeigniter4\framework\system\Common.php(1119): CodeIgniter\View\View->render('siswa/result', Array, true)
#3 C:\xampp\htdocs\ltsa1\app\Views\layout\content.php(3): view('siswa/result')
#4 C:\xampp\htdocs\ltsa1\vendor\codeigniter4\framework\system\View\View.php(246): include('C:\\xampp\\htdocs...')
#5 C:\xampp\htdocs\ltsa1\vendor\codeigniter4\framework\system\Common.php(1119): CodeIgniter\View\View->render('layout/content....', Array, true)
#6 C:\xampp\htdocs\ltsa1\app\Views\layout\wrapper.php(5): view('layout/content....')
#7 C:\xampp\htdocs\ltsa1\vendor\codeigniter4\framework\system\View\View.php(246): include('C:\\xampp\\htdocs...')
#8 C:\xampp\htdocs\ltsa1\vendor\codeigniter4\framework\system\Common.php(1119): CodeIgniter\View\View->render('layout/wrapper', Array, true)
#9 C:\xampp\htdocs\ltsa1\app\Controllers\Siswa.php(116): view('layout/wrapper', Array)
#10 C:\xampp\htdocs\ltsa1\vendor\codeigniter4\framework\system\CodeIgniter.php(918): App\Controllers\Siswa->data('1')
#11 C:\xampp\htdocs\ltsa1\vendor\codeigniter4\framework\system\CodeIgniter.php(404): CodeIgniter\CodeIgniter->runController(Object(App\Controllers\Siswa))
#12 C:\xampp\htdocs\ltsa1\vendor\codeigniter4\framework\system\CodeIgniter.php(312): CodeIgniter\CodeIgniter->handleRequest(NULL, Object(Config\Cache), false)
#13 C:\xampp\htdocs\ltsa1\public\index.php(45): CodeIgniter\CodeIgniter->run()
#14 C:\xampp\htdocs\ltsa1\vendor\codeigniter4\framework\system\Commands\Server\rewrite.php(34): require_once('C:\\xampp\\htdocs...')
#15 {main}
