CRITICAL - 2021-05-11 02:56:22 --> Undefined property: CodeIgniter\Database\MySQLi\Builder::$join
#0 C:\xampp\htdocs\ltsa1\app\Models\KelasModel.php(46): CodeIgniter\Debug\Exceptions->errorHandler(8, 'Undefined prope...', 'C:\\xampp\\htdocs...', 46, Array)
#1 C:\xampp\htdocs\ltsa1\app\Controllers\Kelas.php(68): App\Models\KelasModel->get_kuis()
#2 C:\xampp\htdocs\ltsa1\vendor\codeigniter4\framework\system\CodeIgniter.php(918): App\Controllers\Kelas->create_kuis()
#3 C:\xampp\htdocs\ltsa1\vendor\codeigniter4\framework\system\CodeIgniter.php(404): CodeIgniter\CodeIgniter->runController(Object(App\Controllers\Kelas))
#4 C:\xampp\htdocs\ltsa1\vendor\codeigniter4\framework\system\CodeIgniter.php(312): CodeIgniter\CodeIgniter->handleRequest(NULL, Object(Config\Cache), false)
#5 C:\xampp\htdocs\ltsa1\public\index.php(45): CodeIgniter\CodeIgniter->run()
#6 C:\xampp\htdocs\ltsa1\vendor\codeigniter4\framework\system\Commands\Server\rewrite.php(34): require_once('C:\\xampp\\htdocs...')
#7 {main}
CRITICAL - 2021-05-11 02:56:34 --> Undefined index: kode_soal
#0 C:\xampp\htdocs\ltsa1\app\Views\kelas\create_kuis.php(22): CodeIgniter\Debug\Exceptions->errorHandler(8, 'Undefined index...', 'C:\\xampp\\htdocs...', 22, Array)
#1 C:\xampp\htdocs\ltsa1\vendor\codeigniter4\framework\system\View\View.php(246): include('C:\\xampp\\htdocs...')
#2 C:\xampp\htdocs\ltsa1\vendor\codeigniter4\framework\system\Common.php(1119): CodeIgniter\View\View->render('kelas/create_ku...', Array, true)
#3 C:\xampp\htdocs\ltsa1\app\Views\layout\content.php(3): view('kelas/create_ku...')
#4 C:\xampp\htdocs\ltsa1\vendor\codeigniter4\framework\system\View\View.php(246): include('C:\\xampp\\htdocs...')
#5 C:\xampp\htdocs\ltsa1\vendor\codeigniter4\framework\system\Common.php(1119): CodeIgniter\View\View->render('layout/content....', Array, true)
#6 C:\xampp\htdocs\ltsa1\app\Views\layout\wrapper.php(5): view('layout/content....')
#7 C:\xampp\htdocs\ltsa1\vendor\codeigniter4\framework\system\View\View.php(246): include('C:\\xampp\\htdocs...')
#8 C:\xampp\htdocs\ltsa1\vendor\codeigniter4\framework\system\Common.php(1119): CodeIgniter\View\View->render('layout/wrapper', Array, true)
#9 C:\xampp\htdocs\ltsa1\app\Controllers\Kelas.php(71): view('layout/wrapper', Array)
#10 C:\xampp\htdocs\ltsa1\vendor\codeigniter4\framework\system\CodeIgniter.php(918): App\Controllers\Kelas->create_kuis()
#11 C:\xampp\htdocs\ltsa1\vendor\codeigniter4\framework\system\CodeIgniter.php(404): CodeIgniter\CodeIgniter->runController(Object(App\Controllers\Kelas))
#12 C:\xampp\htdocs\ltsa1\vendor\codeigniter4\framework\system\CodeIgniter.php(312): CodeIgniter\CodeIgniter->handleRequest(NULL, Object(Config\Cache), false)
#13 C:\xampp\htdocs\ltsa1\public\index.php(45): CodeIgniter\CodeIgniter->run()
#14 C:\xampp\htdocs\ltsa1\vendor\codeigniter4\framework\system\Commands\Server\rewrite.php(34): require_once('C:\\xampp\\htdocs...')
#15 {main}
CRITICAL - 2021-05-11 02:56:57 --> Undefined index: kode_soal
#0 C:\xampp\htdocs\ltsa1\app\Views\kelas\create_kuis.php(22): CodeIgniter\Debug\Exceptions->errorHandler(8, 'Undefined index...', 'C:\\xampp\\htdocs...', 22, Array)
#1 C:\xampp\htdocs\ltsa1\vendor\codeigniter4\framework\system\View\View.php(246): include('C:\\xampp\\htdocs...')
#2 C:\xampp\htdocs\ltsa1\vendor\codeigniter4\framework\system\Common.php(1119): CodeIgniter\View\View->render('kelas/create_ku...', Array, true)
#3 C:\xampp\htdocs\ltsa1\app\Views\layout\content.php(3): view('kelas/create_ku...')
#4 C:\xampp\htdocs\ltsa1\vendor\codeigniter4\framework\system\View\View.php(246): include('C:\\xampp\\htdocs...')
#5 C:\xampp\htdocs\ltsa1\vendor\codeigniter4\framework\system\Common.php(1119): CodeIgniter\View\View->render('layout/content....', Array, true)
#6 C:\xampp\htdocs\ltsa1\app\Views\layout\wrapper.php(5): view('layout/content....')
#7 C:\xampp\htdocs\ltsa1\vendor\codeigniter4\framework\system\View\View.php(246): include('C:\\xampp\\htdocs...')
#8 C:\xampp\htdocs\ltsa1\vendor\codeigniter4\framework\system\Common.php(1119): CodeIgniter\View\View->render('layout/wrapper', Array, true)
#9 C:\xampp\htdocs\ltsa1\app\Controllers\Kelas.php(71): view('layout/wrapper', Array)
#10 C:\xampp\htdocs\ltsa1\vendor\codeigniter4\framework\system\CodeIgniter.php(918): App\Controllers\Kelas->create_kuis()
#11 C:\xampp\htdocs\ltsa1\vendor\codeigniter4\framework\system\CodeIgniter.php(404): CodeIgniter\CodeIgniter->runController(Object(App\Controllers\Kelas))
#12 C:\xampp\htdocs\ltsa1\vendor\codeigniter4\framework\system\CodeIgniter.php(312): CodeIgniter\CodeIgniter->handleRequest(NULL, Object(Config\Cache), false)
#13 C:\xampp\htdocs\ltsa1\public\index.php(45): CodeIgniter\CodeIgniter->run()
#14 C:\xampp\htdocs\ltsa1\vendor\codeigniter4\framework\system\Commands\Server\rewrite.php(34): require_once('C:\\xampp\\htdocs...')
#15 {main}
CRITICAL - 2021-05-11 02:57:56 --> Undefined index: kode_soal
#0 C:\xampp\htdocs\ltsa1\app\Views\kelas\create_kuis.php(22): CodeIgniter\Debug\Exceptions->errorHandler(8, 'Undefined index...', 'C:\\xampp\\htdocs...', 22, Array)
#1 C:\xampp\htdocs\ltsa1\vendor\codeigniter4\framework\system\View\View.php(246): include('C:\\xampp\\htdocs...')
#2 C:\xampp\htdocs\ltsa1\vendor\codeigniter4\framework\system\Common.php(1119): CodeIgniter\View\View->render('kelas/create_ku...', Array, true)
#3 C:\xampp\htdocs\ltsa1\app\Views\layout\content.php(3): view('kelas/create_ku...')
#4 C:\xampp\htdocs\ltsa1\vendor\codeigniter4\framework\system\View\View.php(246): include('C:\\xampp\\htdocs...')
#5 C:\xampp\htdocs\ltsa1\vendor\codeigniter4\framework\system\Common.php(1119): CodeIgniter\View\View->render('layout/content....', Array, true)
#6 C:\xampp\htdocs\ltsa1\app\Views\layout\wrapper.php(5): view('layout/content....')
#7 C:\xampp\htdocs\ltsa1\vendor\codeigniter4\framework\system\View\View.php(246): include('C:\\xampp\\htdocs...')
#8 C:\xampp\htdocs\ltsa1\vendor\codeigniter4\framework\system\Common.php(1119): CodeIgniter\View\View->render('layout/wrapper', Array, true)
#9 C:\xampp\htdocs\ltsa1\app\Controllers\Kelas.php(71): view('layout/wrapper', Array)
#10 C:\xampp\htdocs\ltsa1\vendor\codeigniter4\framework\system\CodeIgniter.php(918): App\Controllers\Kelas->create_kuis()
#11 C:\xampp\htdocs\ltsa1\vendor\codeigniter4\framework\system\CodeIgniter.php(404): CodeIgniter\CodeIgniter->runController(Object(App\Controllers\Kelas))
#12 C:\xampp\htdocs\ltsa1\vendor\codeigniter4\framework\system\CodeIgniter.php(312): CodeIgniter\CodeIgniter->handleRequest(NULL, Object(Config\Cache), false)
#13 C:\xampp\htdocs\ltsa1\public\index.php(45): CodeIgniter\CodeIgniter->run()
#14 C:\xampp\htdocs\ltsa1\vendor\codeigniter4\framework\system\Commands\Server\rewrite.php(34): require_once('C:\\xampp\\htdocs...')
#15 {main}
CRITICAL - 2021-05-11 02:58:57 --> Undefined index: kode_soal
#0 C:\xampp\htdocs\ltsa1\app\Views\kelas\create_kuis.php(22): CodeIgniter\Debug\Exceptions->errorHandler(8, 'Undefined index...', 'C:\\xampp\\htdocs...', 22, Array)
#1 C:\xampp\htdocs\ltsa1\vendor\codeigniter4\framework\system\View\View.php(246): include('C:\\xampp\\htdocs...')
#2 C:\xampp\htdocs\ltsa1\vendor\codeigniter4\framework\system\Common.php(1119): CodeIgniter\View\View->render('kelas/create_ku...', Array, true)
#3 C:\xampp\htdocs\ltsa1\app\Views\layout\content.php(3): view('kelas/create_ku...')
#4 C:\xampp\htdocs\ltsa1\vendor\codeigniter4\framework\system\View\View.php(246): include('C:\\xampp\\htdocs...')
#5 C:\xampp\htdocs\ltsa1\vendor\codeigniter4\framework\system\Common.php(1119): CodeIgniter\View\View->render('layout/content....', Array, true)
#6 C:\xampp\htdocs\ltsa1\app\Views\layout\wrapper.php(5): view('layout/content....')
#7 C:\xampp\htdocs\ltsa1\vendor\codeigniter4\framework\system\View\View.php(246): include('C:\\xampp\\htdocs...')
#8 C:\xampp\htdocs\ltsa1\vendor\codeigniter4\framework\system\Common.php(1119): CodeIgniter\View\View->render('layout/wrapper', Array, true)
#9 C:\xampp\htdocs\ltsa1\app\Controllers\Kelas.php(71): view('layout/wrapper', Array)
#10 C:\xampp\htdocs\ltsa1\vendor\codeigniter4\framework\system\CodeIgniter.php(918): App\Controllers\Kelas->create_kuis()
#11 C:\xampp\htdocs\ltsa1\vendor\codeigniter4\framework\system\CodeIgniter.php(404): CodeIgniter\CodeIgniter->runController(Object(App\Controllers\Kelas))
#12 C:\xampp\htdocs\ltsa1\vendor\codeigniter4\framework\system\CodeIgniter.php(312): CodeIgniter\CodeIgniter->handleRequest(NULL, Object(Config\Cache), false)
#13 C:\xampp\htdocs\ltsa1\public\index.php(45): CodeIgniter\CodeIgniter->run()
#14 C:\xampp\htdocs\ltsa1\vendor\codeigniter4\framework\system\Commands\Server\rewrite.php(34): require_once('C:\\xampp\\htdocs...')
#15 {main}
CRITICAL - 2021-05-11 03:00:01 --> Undefined index: id_kuis
#0 C:\xampp\htdocs\ltsa1\app\Views\kelas\create_kuis.php(15): CodeIgniter\Debug\Exceptions->errorHandler(8, 'Undefined index...', 'C:\\xampp\\htdocs...', 15, Array)
#1 C:\xampp\htdocs\ltsa1\vendor\codeigniter4\framework\system\View\View.php(246): include('C:\\xampp\\htdocs...')
#2 C:\xampp\htdocs\ltsa1\vendor\codeigniter4\framework\system\Common.php(1119): CodeIgniter\View\View->render('kelas/create_ku...', Array, true)
#3 C:\xampp\htdocs\ltsa1\app\Views\layout\content.php(3): view('kelas/create_ku...')
#4 C:\xampp\htdocs\ltsa1\vendor\codeigniter4\framework\system\View\View.php(246): include('C:\\xampp\\htdocs...')
#5 C:\xampp\htdocs\ltsa1\vendor\codeigniter4\framework\system\Common.php(1119): CodeIgniter\View\View->render('layout/content....', Array, true)
#6 C:\xampp\htdocs\ltsa1\app\Views\layout\wrapper.php(5): view('layout/content....')
#7 C:\xampp\htdocs\ltsa1\vendor\codeigniter4\framework\system\View\View.php(246): include('C:\\xampp\\htdocs...')
#8 C:\xampp\htdocs\ltsa1\vendor\codeigniter4\framework\system\Common.php(1119): CodeIgniter\View\View->render('layout/wrapper', Array, true)
#9 C:\xampp\htdocs\ltsa1\app\Controllers\Kelas.php(71): view('layout/wrapper', Array)
#10 C:\xampp\htdocs\ltsa1\vendor\codeigniter4\framework\system\CodeIgniter.php(918): App\Controllers\Kelas->create_kuis()
#11 C:\xampp\htdocs\ltsa1\vendor\codeigniter4\framework\system\CodeIgniter.php(404): CodeIgniter\CodeIgniter->runController(Object(App\Controllers\Kelas))
#12 C:\xampp\htdocs\ltsa1\vendor\codeigniter4\framework\system\CodeIgniter.php(312): CodeIgniter\CodeIgniter->handleRequest(NULL, Object(Config\Cache), false)
#13 C:\xampp\htdocs\ltsa1\public\index.php(45): CodeIgniter\CodeIgniter->run()
#14 C:\xampp\htdocs\ltsa1\vendor\codeigniter4\framework\system\Commands\Server\rewrite.php(34): require_once('C:\\xampp\\htdocs...')
#15 {main}
CRITICAL - 2021-05-11 03:00:07 --> Undefined index: id_kuis
#0 C:\xampp\htdocs\ltsa1\app\Views\kelas\create_kuis.php(15): CodeIgniter\Debug\Exceptions->errorHandler(8, 'Undefined index...', 'C:\\xampp\\htdocs...', 15, Array)
#1 C:\xampp\htdocs\ltsa1\vendor\codeigniter4\framework\system\View\View.php(246): include('C:\\xampp\\htdocs...')
#2 C:\xampp\htdocs\ltsa1\vendor\codeigniter4\framework\system\Common.php(1119): CodeIgniter\View\View->render('kelas/create_ku...', Array, true)
#3 C:\xampp\htdocs\ltsa1\app\Views\layout\content.php(3): view('kelas/create_ku...')
#4 C:\xampp\htdocs\ltsa1\vendor\codeigniter4\framework\system\View\View.php(246): include('C:\\xampp\\htdocs...')
#5 C:\xampp\htdocs\ltsa1\vendor\codeigniter4\framework\system\Common.php(1119): CodeIgniter\View\View->render('layout/content....', Array, true)
#6 C:\xampp\htdocs\ltsa1\app\Views\layout\wrapper.php(5): view('layout/content....')
#7 C:\xampp\htdocs\ltsa1\vendor\codeigniter4\framework\system\View\View.php(246): include('C:\\xampp\\htdocs...')
#8 C:\xampp\htdocs\ltsa1\vendor\codeigniter4\framework\system\Common.php(1119): CodeIgniter\View\View->render('layout/wrapper', Array, true)
#9 C:\xampp\htdocs\ltsa1\app\Controllers\Kelas.php(71): view('layout/wrapper', Array)
#10 C:\xampp\htdocs\ltsa1\vendor\codeigniter4\framework\system\CodeIgniter.php(918): App\Controllers\Kelas->create_kuis()
#11 C:\xampp\htdocs\ltsa1\vendor\codeigniter4\framework\system\CodeIgniter.php(404): CodeIgniter\CodeIgniter->runController(Object(App\Controllers\Kelas))
#12 C:\xampp\htdocs\ltsa1\vendor\codeigniter4\framework\system\CodeIgniter.php(312): CodeIgniter\CodeIgniter->handleRequest(NULL, Object(Config\Cache), false)
#13 C:\xampp\htdocs\ltsa1\public\index.php(45): CodeIgniter\CodeIgniter->run()
#14 C:\xampp\htdocs\ltsa1\vendor\codeigniter4\framework\system\Commands\Server\rewrite.php(34): require_once('C:\\xampp\\htdocs...')
#15 {main}
CRITICAL - 2021-05-11 03:01:42 --> Undefined index: id_kuis
#0 C:\xampp\htdocs\ltsa1\app\Views\kelas\create_kuis.php(15): CodeIgniter\Debug\Exceptions->errorHandler(8, 'Undefined index...', 'C:\\xampp\\htdocs...', 15, Array)
#1 C:\xampp\htdocs\ltsa1\vendor\codeigniter4\framework\system\View\View.php(246): include('C:\\xampp\\htdocs...')
#2 C:\xampp\htdocs\ltsa1\vendor\codeigniter4\framework\system\Common.php(1119): CodeIgniter\View\View->render('kelas/create_ku...', Array, true)
#3 C:\xampp\htdocs\ltsa1\app\Views\layout\content.php(3): view('kelas/create_ku...')
#4 C:\xampp\htdocs\ltsa1\vendor\codeigniter4\framework\system\View\View.php(246): include('C:\\xampp\\htdocs...')
#5 C:\xampp\htdocs\ltsa1\vendor\codeigniter4\framework\system\Common.php(1119): CodeIgniter\View\View->render('layout/content....', Array, true)
#6 C:\xampp\htdocs\ltsa1\app\Views\layout\wrapper.php(5): view('layout/content....')
#7 C:\xampp\htdocs\ltsa1\vendor\codeigniter4\framework\system\View\View.php(246): include('C:\\xampp\\htdocs...')
#8 C:\xampp\htdocs\ltsa1\vendor\codeigniter4\framework\system\Common.php(1119): CodeIgniter\View\View->render('layout/wrapper', Array, true)
#9 C:\xampp\htdocs\ltsa1\app\Controllers\Kelas.php(71): view('layout/wrapper', Array)
#10 C:\xampp\htdocs\ltsa1\vendor\codeigniter4\framework\system\CodeIgniter.php(918): App\Controllers\Kelas->create_kuis()
#11 C:\xampp\htdocs\ltsa1\vendor\codeigniter4\framework\system\CodeIgniter.php(404): CodeIgniter\CodeIgniter->runController(Object(App\Controllers\Kelas))
#12 C:\xampp\htdocs\ltsa1\vendor\codeigniter4\framework\system\CodeIgniter.php(312): CodeIgniter\CodeIgniter->handleRequest(NULL, Object(Config\Cache), false)
#13 C:\xampp\htdocs\ltsa1\public\index.php(45): CodeIgniter\CodeIgniter->run()
#14 C:\xampp\htdocs\ltsa1\vendor\codeigniter4\framework\system\Commands\Server\rewrite.php(34): require_once('C:\\xampp\\htdocs...')
#15 {main}
CRITICAL - 2021-05-11 03:02:16 --> Too few arguments to function App\Controllers\Kelas::create_kuis(), 0 passed in C:\xampp\htdocs\ltsa1\vendor\codeigniter4\framework\system\CodeIgniter.php on line 918 and exactly 1 expected
#0 C:\xampp\htdocs\ltsa1\vendor\codeigniter4\framework\system\CodeIgniter.php(918): App\Controllers\Kelas->create_kuis()
#1 C:\xampp\htdocs\ltsa1\vendor\codeigniter4\framework\system\CodeIgniter.php(404): CodeIgniter\CodeIgniter->runController(Object(App\Controllers\Kelas))
#2 C:\xampp\htdocs\ltsa1\vendor\codeigniter4\framework\system\CodeIgniter.php(312): CodeIgniter\CodeIgniter->handleRequest(NULL, Object(Config\Cache), false)
#3 C:\xampp\htdocs\ltsa1\public\index.php(45): CodeIgniter\CodeIgniter->run()
#4 C:\xampp\htdocs\ltsa1\vendor\codeigniter4\framework\system\Commands\Server\rewrite.php(34): require_once('C:\\xampp\\htdocs...')
#5 {main}
CRITICAL - 2021-05-11 03:02:25 --> Too few arguments to function App\Controllers\Kelas::create_kuis(), 0 passed in C:\xampp\htdocs\ltsa1\vendor\codeigniter4\framework\system\CodeIgniter.php on line 918 and exactly 1 expected
#0 C:\xampp\htdocs\ltsa1\vendor\codeigniter4\framework\system\CodeIgniter.php(918): App\Controllers\Kelas->create_kuis()
#1 C:\xampp\htdocs\ltsa1\vendor\codeigniter4\framework\system\CodeIgniter.php(404): CodeIgniter\CodeIgniter->runController(Object(App\Controllers\Kelas))
#2 C:\xampp\htdocs\ltsa1\vendor\codeigniter4\framework\system\CodeIgniter.php(312): CodeIgniter\CodeIgniter->handleRequest(NULL, Object(Config\Cache), false)
#3 C:\xampp\htdocs\ltsa1\public\index.php(45): CodeIgniter\CodeIgniter->run()
#4 C:\xampp\htdocs\ltsa1\vendor\codeigniter4\framework\system\Commands\Server\rewrite.php(34): require_once('C:\\xampp\\htdocs...')
#5 {main}
CRITICAL - 2021-05-11 03:03:13 --> Undefined variable: kuis
#0 C:\xampp\htdocs\ltsa1\app\Views\kelas\create_kuis.php(22): CodeIgniter\Debug\Exceptions->errorHandler(8, 'Undefined varia...', 'C:\\xampp\\htdocs...', 22, Array)
#1 C:\xampp\htdocs\ltsa1\vendor\codeigniter4\framework\system\View\View.php(246): include('C:\\xampp\\htdocs...')
#2 C:\xampp\htdocs\ltsa1\vendor\codeigniter4\framework\system\Common.php(1119): CodeIgniter\View\View->render('kelas/create_ku...', Array, true)
#3 C:\xampp\htdocs\ltsa1\app\Views\layout\content.php(3): view('kelas/create_ku...')
#4 C:\xampp\htdocs\ltsa1\vendor\codeigniter4\framework\system\View\View.php(246): include('C:\\xampp\\htdocs...')
#5 C:\xampp\htdocs\ltsa1\vendor\codeigniter4\framework\system\Common.php(1119): CodeIgniter\View\View->render('layout/content....', Array, true)
#6 C:\xampp\htdocs\ltsa1\app\Views\layout\wrapper.php(5): view('layout/content....')
#7 C:\xampp\htdocs\ltsa1\vendor\codeigniter4\framework\system\View\View.php(246): include('C:\\xampp\\htdocs...')
#8 C:\xampp\htdocs\ltsa1\vendor\codeigniter4\framework\system\Common.php(1119): CodeIgniter\View\View->render('layout/wrapper', Array, true)
#9 C:\xampp\htdocs\ltsa1\app\Controllers\Kelas.php(70): view('layout/wrapper', Array)
#10 C:\xampp\htdocs\ltsa1\vendor\codeigniter4\framework\system\CodeIgniter.php(918): App\Controllers\Kelas->create_kuis()
#11 C:\xampp\htdocs\ltsa1\vendor\codeigniter4\framework\system\CodeIgniter.php(404): CodeIgniter\CodeIgniter->runController(Object(App\Controllers\Kelas))
#12 C:\xampp\htdocs\ltsa1\vendor\codeigniter4\framework\system\CodeIgniter.php(312): CodeIgniter\CodeIgniter->handleRequest(NULL, Object(Config\Cache), false)
#13 C:\xampp\htdocs\ltsa1\public\index.php(45): CodeIgniter\CodeIgniter->run()
#14 C:\xampp\htdocs\ltsa1\vendor\codeigniter4\framework\system\Commands\Server\rewrite.php(34): require_once('C:\\xampp\\htdocs...')
#15 {main}
CRITICAL - 2021-05-11 03:04:06 --> Undefined variable: kuis
#0 C:\xampp\htdocs\ltsa1\app\Views\learning\learning.php(168): CodeIgniter\Debug\Exceptions->errorHandler(8, 'Undefined varia...', 'C:\\xampp\\htdocs...', 168, Array)
#1 C:\xampp\htdocs\ltsa1\vendor\codeigniter4\framework\system\View\View.php(246): include('C:\\xampp\\htdocs...')
#2 C:\xampp\htdocs\ltsa1\vendor\codeigniter4\framework\system\Common.php(1119): CodeIgniter\View\View->render('learning/learni...', Array, true)
#3 C:\xampp\htdocs\ltsa1\app\Views\layout\content.php(3): view('learning/learni...')
#4 C:\xampp\htdocs\ltsa1\vendor\codeigniter4\framework\system\View\View.php(246): include('C:\\xampp\\htdocs...')
#5 C:\xampp\htdocs\ltsa1\vendor\codeigniter4\framework\system\Common.php(1119): CodeIgniter\View\View->render('layout/content....', Array, true)
#6 C:\xampp\htdocs\ltsa1\app\Views\layout\wrapper.php(5): view('layout/content....')
#7 C:\xampp\htdocs\ltsa1\vendor\codeigniter4\framework\system\View\View.php(246): include('C:\\xampp\\htdocs...')
#8 C:\xampp\htdocs\ltsa1\vendor\codeigniter4\framework\system\Common.php(1119): CodeIgniter\View\View->render('layout/wrapper', Array, true)
#9 C:\xampp\htdocs\ltsa1\app\Controllers\Kelas.php(42): view('layout/wrapper', Array)
#10 C:\xampp\htdocs\ltsa1\vendor\codeigniter4\framework\system\CodeIgniter.php(918): App\Controllers\Kelas->learning_a('1')
#11 C:\xampp\htdocs\ltsa1\vendor\codeigniter4\framework\system\CodeIgniter.php(404): CodeIgniter\CodeIgniter->runController(Object(App\Controllers\Kelas))
#12 C:\xampp\htdocs\ltsa1\vendor\codeigniter4\framework\system\CodeIgniter.php(312): CodeIgniter\CodeIgniter->handleRequest(NULL, Object(Config\Cache), false)
#13 C:\xampp\htdocs\ltsa1\public\index.php(45): CodeIgniter\CodeIgniter->run()
#14 C:\xampp\htdocs\ltsa1\vendor\codeigniter4\framework\system\Commands\Server\rewrite.php(34): require_once('C:\\xampp\\htdocs...')
#15 {main}
CRITICAL - 2021-05-11 03:04:34 --> Undefined variable: kuis
#0 C:\xampp\htdocs\ltsa1\app\Views\kelas\create_kuis.php(22): CodeIgniter\Debug\Exceptions->errorHandler(8, 'Undefined varia...', 'C:\\xampp\\htdocs...', 22, Array)
#1 C:\xampp\htdocs\ltsa1\vendor\codeigniter4\framework\system\View\View.php(246): include('C:\\xampp\\htdocs...')
#2 C:\xampp\htdocs\ltsa1\vendor\codeigniter4\framework\system\Common.php(1119): CodeIgniter\View\View->render('kelas/create_ku...', Array, true)
#3 C:\xampp\htdocs\ltsa1\app\Views\layout\content.php(3): view('kelas/create_ku...')
#4 C:\xampp\htdocs\ltsa1\vendor\codeigniter4\framework\system\View\View.php(246): include('C:\\xampp\\htdocs...')
#5 C:\xampp\htdocs\ltsa1\vendor\codeigniter4\framework\system\Common.php(1119): CodeIgniter\View\View->render('layout/content....', Array, true)
#6 C:\xampp\htdocs\ltsa1\app\Views\layout\wrapper.php(5): view('layout/content....')
#7 C:\xampp\htdocs\ltsa1\vendor\codeigniter4\framework\system\View\View.php(246): include('C:\\xampp\\htdocs...')
#8 C:\xampp\htdocs\ltsa1\vendor\codeigniter4\framework\system\Common.php(1119): CodeIgniter\View\View->render('layout/wrapper', Array, true)
#9 C:\xampp\htdocs\ltsa1\app\Controllers\Kelas.php(70): view('layout/wrapper', Array)
#10 C:\xampp\htdocs\ltsa1\vendor\codeigniter4\framework\system\CodeIgniter.php(918): App\Controllers\Kelas->create_kuis()
#11 C:\xampp\htdocs\ltsa1\vendor\codeigniter4\framework\system\CodeIgniter.php(404): CodeIgniter\CodeIgniter->runController(Object(App\Controllers\Kelas))
#12 C:\xampp\htdocs\ltsa1\vendor\codeigniter4\framework\system\CodeIgniter.php(312): CodeIgniter\CodeIgniter->handleRequest(NULL, Object(Config\Cache), false)
#13 C:\xampp\htdocs\ltsa1\public\index.php(45): CodeIgniter\CodeIgniter->run()
#14 C:\xampp\htdocs\ltsa1\vendor\codeigniter4\framework\system\Commands\Server\rewrite.php(34): require_once('C:\\xampp\\htdocs...')
#15 {main}
CRITICAL - 2021-05-11 03:09:59 --> Allowed fields must be specified for model: App\Models\KelasModel
#0 C:\xampp\htdocs\ltsa1\vendor\codeigniter4\framework\system\Model.php(1265): CodeIgniter\Database\Exceptions\DataException::forInvalidAllowedFields('App\\Models\\Kela...')
#1 C:\xampp\htdocs\ltsa1\vendor\codeigniter4\framework\system\Model.php(735): CodeIgniter\Model->doProtectFields(Array)
#2 C:\xampp\htdocs\ltsa1\app\Models\KelasModel.php(55): CodeIgniter\Model->insert(Array)
#3 C:\xampp\htdocs\ltsa1\app\Controllers\Kelas.php(86): App\Models\KelasModel->tambah_soal(Array)
#4 C:\xampp\htdocs\ltsa1\vendor\codeigniter4\framework\system\CodeIgniter.php(918): App\Controllers\Kelas->input_kuis()
#5 C:\xampp\htdocs\ltsa1\vendor\codeigniter4\framework\system\CodeIgniter.php(404): CodeIgniter\CodeIgniter->runController(Object(App\Controllers\Kelas))
#6 C:\xampp\htdocs\ltsa1\vendor\codeigniter4\framework\system\CodeIgniter.php(312): CodeIgniter\CodeIgniter->handleRequest(NULL, Object(Config\Cache), false)
#7 C:\xampp\htdocs\ltsa1\public\index.php(45): CodeIgniter\CodeIgniter->run()
#8 C:\xampp\htdocs\ltsa1\vendor\codeigniter4\framework\system\Commands\Server\rewrite.php(34): require_once('C:\\xampp\\htdocs...')
#9 {main}
CRITICAL - 2021-05-11 03:12:07 --> Allowed fields must be specified for model: App\Models\KelasModel
#0 C:\xampp\htdocs\ltsa1\vendor\codeigniter4\framework\system\Model.php(1265): CodeIgniter\Database\Exceptions\DataException::forInvalidAllowedFields('App\\Models\\Kela...')
#1 C:\xampp\htdocs\ltsa1\vendor\codeigniter4\framework\system\Model.php(735): CodeIgniter\Model->doProtectFields(Array)
#2 C:\xampp\htdocs\ltsa1\app\Models\KelasModel.php(46): CodeIgniter\Model->insert(Array)
#3 C:\xampp\htdocs\ltsa1\app\Controllers\Kelas.php(86): App\Models\KelasModel->tambah_soal(Array)
#4 C:\xampp\htdocs\ltsa1\vendor\codeigniter4\framework\system\CodeIgniter.php(918): App\Controllers\Kelas->input_kuis()
#5 C:\xampp\htdocs\ltsa1\vendor\codeigniter4\framework\system\CodeIgniter.php(404): CodeIgniter\CodeIgniter->runController(Object(App\Controllers\Kelas))
#6 C:\xampp\htdocs\ltsa1\vendor\codeigniter4\framework\system\CodeIgniter.php(312): CodeIgniter\CodeIgniter->handleRequest(NULL, Object(Config\Cache), false)
#7 C:\xampp\htdocs\ltsa1\public\index.php(45): CodeIgniter\CodeIgniter->run()
#8 C:\xampp\htdocs\ltsa1\vendor\codeigniter4\framework\system\Commands\Server\rewrite.php(34): require_once('C:\\xampp\\htdocs...')
#9 {main}
CRITICAL - 2021-05-11 04:04:15 --> Allowed fields must be specified for model: App\Models\KelasModel
#0 C:\xampp\htdocs\ltsa1\vendor\codeigniter4\framework\system\Model.php(1265): CodeIgniter\Database\Exceptions\DataException::forInvalidAllowedFields('App\\Models\\Kela...')
#1 C:\xampp\htdocs\ltsa1\vendor\codeigniter4\framework\system\Model.php(735): CodeIgniter\Model->doProtectFields(Array)
#2 C:\xampp\htdocs\ltsa1\app\Models\KelasModel.php(46): CodeIgniter\Model->insert(Array)
#3 C:\xampp\htdocs\ltsa1\app\Controllers\Kelas.php(85): App\Models\KelasModel->tambah_soal(Array)
#4 C:\xampp\htdocs\ltsa1\vendor\codeigniter4\framework\system\CodeIgniter.php(918): App\Controllers\Kelas->input_kuis()
#5 C:\xampp\htdocs\ltsa1\vendor\codeigniter4\framework\system\CodeIgniter.php(404): CodeIgniter\CodeIgniter->runController(Object(App\Controllers\Kelas))
#6 C:\xampp\htdocs\ltsa1\vendor\codeigniter4\framework\system\CodeIgniter.php(312): CodeIgniter\CodeIgniter->handleRequest(NULL, Object(Config\Cache), false)
#7 C:\xampp\htdocs\ltsa1\public\index.php(45): CodeIgniter\CodeIgniter->run()
#8 C:\xampp\htdocs\ltsa1\vendor\codeigniter4\framework\system\Commands\Server\rewrite.php(34): require_once('C:\\xampp\\htdocs...')
#9 {main}
CRITICAL - 2021-05-11 04:08:19 --> Too few arguments to function App\Controllers\Kelas::input_kuis(), 0 passed in C:\xampp\htdocs\ltsa1\vendor\codeigniter4\framework\system\CodeIgniter.php on line 918 and exactly 1 expected
#0 C:\xampp\htdocs\ltsa1\vendor\codeigniter4\framework\system\CodeIgniter.php(918): App\Controllers\Kelas->input_kuis()
#1 C:\xampp\htdocs\ltsa1\vendor\codeigniter4\framework\system\CodeIgniter.php(404): CodeIgniter\CodeIgniter->runController(Object(App\Controllers\Kelas))
#2 C:\xampp\htdocs\ltsa1\vendor\codeigniter4\framework\system\CodeIgniter.php(312): CodeIgniter\CodeIgniter->handleRequest(NULL, Object(Config\Cache), false)
#3 C:\xampp\htdocs\ltsa1\public\index.php(45): CodeIgniter\CodeIgniter->run()
#4 C:\xampp\htdocs\ltsa1\vendor\codeigniter4\framework\system\Commands\Server\rewrite.php(34): require_once('C:\\xampp\\htdocs...')
#5 {main}
CRITICAL - 2021-05-11 04:10:11 --> Allowed fields must be specified for model: App\Models\KelasModel
#0 C:\xampp\htdocs\ltsa1\vendor\codeigniter4\framework\system\Model.php(1265): CodeIgniter\Database\Exceptions\DataException::forInvalidAllowedFields('App\\Models\\Kela...')
#1 C:\xampp\htdocs\ltsa1\vendor\codeigniter4\framework\system\Model.php(735): CodeIgniter\Model->doProtectFields(Array)
#2 C:\xampp\htdocs\ltsa1\app\Models\KelasModel.php(46): CodeIgniter\Model->insert(Array)
#3 C:\xampp\htdocs\ltsa1\app\Controllers\Kelas.php(85): App\Models\KelasModel->tambah_soal(Array)
#4 C:\xampp\htdocs\ltsa1\vendor\codeigniter4\framework\system\CodeIgniter.php(918): App\Controllers\Kelas->input_kuis()
#5 C:\xampp\htdocs\ltsa1\vendor\codeigniter4\framework\system\CodeIgniter.php(404): CodeIgniter\CodeIgniter->runController(Object(App\Controllers\Kelas))
#6 C:\xampp\htdocs\ltsa1\vendor\codeigniter4\framework\system\CodeIgniter.php(312): CodeIgniter\CodeIgniter->handleRequest(NULL, Object(Config\Cache), false)
#7 C:\xampp\htdocs\ltsa1\public\index.php(45): CodeIgniter\CodeIgniter->run()
#8 C:\xampp\htdocs\ltsa1\vendor\codeigniter4\framework\system\Commands\Server\rewrite.php(34): require_once('C:\\xampp\\htdocs...')
#9 {main}
CRITICAL - 2021-05-11 04:14:39 --> Allowed fields must be specified for model: App\Models\KelasModel
#0 C:\xampp\htdocs\ltsa1\vendor\codeigniter4\framework\system\Model.php(1265): CodeIgniter\Database\Exceptions\DataException::forInvalidAllowedFields('App\\Models\\Kela...')
#1 C:\xampp\htdocs\ltsa1\vendor\codeigniter4\framework\system\Model.php(735): CodeIgniter\Model->doProtectFields(Array)
#2 C:\xampp\htdocs\ltsa1\app\Models\KelasModel.php(46): CodeIgniter\Model->insert(Array)
#3 C:\xampp\htdocs\ltsa1\app\Controllers\Kelas.php(78): App\Models\KelasModel->tambah_soal(Array)
#4 C:\xampp\htdocs\ltsa1\vendor\codeigniter4\framework\system\CodeIgniter.php(918): App\Controllers\Kelas->input_kuis()
#5 C:\xampp\htdocs\ltsa1\vendor\codeigniter4\framework\system\CodeIgniter.php(404): CodeIgniter\CodeIgniter->runController(Object(App\Controllers\Kelas))
#6 C:\xampp\htdocs\ltsa1\vendor\codeigniter4\framework\system\CodeIgniter.php(312): CodeIgniter\CodeIgniter->handleRequest(NULL, Object(Config\Cache), false)
#7 C:\xampp\htdocs\ltsa1\public\index.php(45): CodeIgniter\CodeIgniter->run()
#8 C:\xampp\htdocs\ltsa1\vendor\codeigniter4\framework\system\Commands\Server\rewrite.php(34): require_once('C:\\xampp\\htdocs...')
#9 {main}
CRITICAL - 2021-05-11 04:26:42 --> Allowed fields must be specified for model: App\Models\KelasModel
#0 C:\xampp\htdocs\ltsa1\vendor\codeigniter4\framework\system\Model.php(1265): CodeIgniter\Database\Exceptions\DataException::forInvalidAllowedFields('App\\Models\\Kela...')
#1 C:\xampp\htdocs\ltsa1\vendor\codeigniter4\framework\system\Model.php(735): CodeIgniter\Model->doProtectFields(Array)
#2 C:\xampp\htdocs\ltsa1\app\Models\KelasModel.php(46): CodeIgniter\Model->insert(Array)
#3 C:\xampp\htdocs\ltsa1\app\Controllers\Kelas.php(78): App\Models\KelasModel->tambah_soal(Array)
#4 C:\xampp\htdocs\ltsa1\vendor\codeigniter4\framework\system\CodeIgniter.php(918): App\Controllers\Kelas->input_kuis()
#5 C:\xampp\htdocs\ltsa1\vendor\codeigniter4\framework\system\CodeIgniter.php(404): CodeIgniter\CodeIgniter->runController(Object(App\Controllers\Kelas))
#6 C:\xampp\htdocs\ltsa1\vendor\codeigniter4\framework\system\CodeIgniter.php(312): CodeIgniter\CodeIgniter->handleRequest(NULL, Object(Config\Cache), false)
#7 C:\xampp\htdocs\ltsa1\public\index.php(45): CodeIgniter\CodeIgniter->run()
#8 C:\xampp\htdocs\ltsa1\vendor\codeigniter4\framework\system\Commands\Server\rewrite.php(34): require_once('C:\\xampp\\htdocs...')
#9 {main}
CRITICAL - 2021-05-11 04:39:07 --> Undefined property: App\Controllers\Kuis::$KelasModel
#0 C:\xampp\htdocs\ltsa1\app\Controllers\Kuis.php(21): CodeIgniter\Debug\Exceptions->errorHandler(8, 'Undefined prope...', 'C:\\xampp\\htdocs...', 21, Array)
#1 C:\xampp\htdocs\ltsa1\vendor\codeigniter4\framework\system\CodeIgniter.php(918): App\Controllers\Kuis->v_kuis('1')
#2 C:\xampp\htdocs\ltsa1\vendor\codeigniter4\framework\system\CodeIgniter.php(404): CodeIgniter\CodeIgniter->runController(Object(App\Controllers\Kuis))
#3 C:\xampp\htdocs\ltsa1\vendor\codeigniter4\framework\system\CodeIgniter.php(312): CodeIgniter\CodeIgniter->handleRequest(NULL, Object(Config\Cache), false)
#4 C:\xampp\htdocs\ltsa1\public\index.php(45): CodeIgniter\CodeIgniter->run()
#5 C:\xampp\htdocs\ltsa1\vendor\codeigniter4\framework\system\Commands\Server\rewrite.php(34): require_once('C:\\xampp\\htdocs...')
#6 {main}
CRITICAL - 2021-05-11 04:40:26 --> You must set the database table to be used with your query.
#0 C:\xampp\htdocs\ltsa1\vendor\codeigniter4\framework\system\Model.php(1237): CodeIgniter\Database\BaseConnection->table(NULL)
#1 C:\xampp\htdocs\ltsa1\vendor\codeigniter4\framework\system\Model.php(1816): CodeIgniter\Model->builder()
#2 C:\xampp\htdocs\ltsa1\app\Controllers\Kuis.php(22): CodeIgniter\Model->__call('j_kuis', Array)
#3 C:\xampp\htdocs\ltsa1\vendor\codeigniter4\framework\system\CodeIgniter.php(918): App\Controllers\Kuis->v_kuis('1')
#4 C:\xampp\htdocs\ltsa1\vendor\codeigniter4\framework\system\CodeIgniter.php(404): CodeIgniter\CodeIgniter->runController(Object(App\Controllers\Kuis))
#5 C:\xampp\htdocs\ltsa1\vendor\codeigniter4\framework\system\CodeIgniter.php(312): CodeIgniter\CodeIgniter->handleRequest(NULL, Object(Config\Cache), false)
#6 C:\xampp\htdocs\ltsa1\public\index.php(45): CodeIgniter\CodeIgniter->run()
#7 C:\xampp\htdocs\ltsa1\vendor\codeigniter4\framework\system\Commands\Server\rewrite.php(34): require_once('C:\\xampp\\htdocs...')
#8 {main}
CRITICAL - 2021-05-11 04:43:18 --> You must set the database table to be used with your query.
#0 C:\xampp\htdocs\ltsa1\vendor\codeigniter4\framework\system\Model.php(1237): CodeIgniter\Database\BaseConnection->table(NULL)
#1 C:\xampp\htdocs\ltsa1\vendor\codeigniter4\framework\system\Model.php(1816): CodeIgniter\Model->builder()
#2 C:\xampp\htdocs\ltsa1\app\Controllers\Kelas.php(49): CodeIgniter\Model->__call('j_kuis', Array)
#3 C:\xampp\htdocs\ltsa1\vendor\codeigniter4\framework\system\CodeIgniter.php(918): App\Controllers\Kelas->v_kuis('1')
#4 C:\xampp\htdocs\ltsa1\vendor\codeigniter4\framework\system\CodeIgniter.php(404): CodeIgniter\CodeIgniter->runController(Object(App\Controllers\Kelas))
#5 C:\xampp\htdocs\ltsa1\vendor\codeigniter4\framework\system\CodeIgniter.php(312): CodeIgniter\CodeIgniter->handleRequest(NULL, Object(Config\Cache), false)
#6 C:\xampp\htdocs\ltsa1\public\index.php(45): CodeIgniter\CodeIgniter->run()
#7 C:\xampp\htdocs\ltsa1\vendor\codeigniter4\framework\system\Commands\Server\rewrite.php(34): require_once('C:\\xampp\\htdocs...')
#8 {main}
CRITICAL - 2021-05-11 04:48:34 --> Invalid file: kuis/create_kuis.php
#0 C:\xampp\htdocs\ltsa1\vendor\codeigniter4\framework\system\View\View.php(228): CodeIgniter\Exceptions\FrameworkException::forInvalidFile('kuis/create_kui...')
#1 C:\xampp\htdocs\ltsa1\vendor\codeigniter4\framework\system\Common.php(1119): CodeIgniter\View\View->render('kuis/create_kui...', Array, true)
#2 C:\xampp\htdocs\ltsa1\app\Views\layout\content.php(3): view('kuis/create_kui...')
#3 C:\xampp\htdocs\ltsa1\vendor\codeigniter4\framework\system\View\View.php(246): include('C:\\xampp\\htdocs...')
#4 C:\xampp\htdocs\ltsa1\vendor\codeigniter4\framework\system\Common.php(1119): CodeIgniter\View\View->render('layout/content....', Array, true)
#5 C:\xampp\htdocs\ltsa1\app\Views\layout\wrapper.php(5): view('layout/content....')
#6 C:\xampp\htdocs\ltsa1\vendor\codeigniter4\framework\system\View\View.php(246): include('C:\\xampp\\htdocs...')
#7 C:\xampp\htdocs\ltsa1\vendor\codeigniter4\framework\system\Common.php(1119): CodeIgniter\View\View->render('layout/wrapper', Array, true)
#8 C:\xampp\htdocs\ltsa1\app\Controllers\Kuis.php(24): view('layout/wrapper', Array)
#9 C:\xampp\htdocs\ltsa1\vendor\codeigniter4\framework\system\CodeIgniter.php(918): App\Controllers\Kuis->create_kuis()
#10 C:\xampp\htdocs\ltsa1\vendor\codeigniter4\framework\system\CodeIgniter.php(404): CodeIgniter\CodeIgniter->runController(Object(App\Controllers\Kuis))
#11 C:\xampp\htdocs\ltsa1\vendor\codeigniter4\framework\system\CodeIgniter.php(312): CodeIgniter\CodeIgniter->handleRequest(NULL, Object(Config\Cache), false)
#12 C:\xampp\htdocs\ltsa1\public\index.php(45): CodeIgniter\CodeIgniter->run()
#13 C:\xampp\htdocs\ltsa1\vendor\codeigniter4\framework\system\Commands\Server\rewrite.php(34): require_once('C:\\xampp\\htdocs...')
#14 {main}
CRITICAL - 2021-05-11 04:48:50 --> Invalid file: kuis/create_kuis.php
#0 C:\xampp\htdocs\ltsa1\vendor\codeigniter4\framework\system\View\View.php(228): CodeIgniter\Exceptions\FrameworkException::forInvalidFile('kuis/create_kui...')
#1 C:\xampp\htdocs\ltsa1\vendor\codeigniter4\framework\system\Common.php(1119): CodeIgniter\View\View->render('kuis/create_kui...', Array, true)
#2 C:\xampp\htdocs\ltsa1\app\Views\layout\content.php(3): view('kuis/create_kui...')
#3 C:\xampp\htdocs\ltsa1\vendor\codeigniter4\framework\system\View\View.php(246): include('C:\\xampp\\htdocs...')
#4 C:\xampp\htdocs\ltsa1\vendor\codeigniter4\framework\system\Common.php(1119): CodeIgniter\View\View->render('layout/content....', Array, true)
#5 C:\xampp\htdocs\ltsa1\app\Views\layout\wrapper.php(5): view('layout/content....')
#6 C:\xampp\htdocs\ltsa1\vendor\codeigniter4\framework\system\View\View.php(246): include('C:\\xampp\\htdocs...')
#7 C:\xampp\htdocs\ltsa1\vendor\codeigniter4\framework\system\Common.php(1119): CodeIgniter\View\View->render('layout/wrapper', Array, true)
#8 C:\xampp\htdocs\ltsa1\app\Controllers\Kuis.php(32): view('layout/wrapper', Array)
#9 C:\xampp\htdocs\ltsa1\vendor\codeigniter4\framework\system\CodeIgniter.php(918): App\Controllers\Kuis->tambah_soal()
#10 C:\xampp\htdocs\ltsa1\vendor\codeigniter4\framework\system\CodeIgniter.php(404): CodeIgniter\CodeIgniter->runController(Object(App\Controllers\Kuis))
#11 C:\xampp\htdocs\ltsa1\vendor\codeigniter4\framework\system\CodeIgniter.php(312): CodeIgniter\CodeIgniter->handleRequest(NULL, Object(Config\Cache), false)
#12 C:\xampp\htdocs\ltsa1\public\index.php(45): CodeIgniter\CodeIgniter->run()
#13 C:\xampp\htdocs\ltsa1\vendor\codeigniter4\framework\system\Commands\Server\rewrite.php(34): require_once('C:\\xampp\\htdocs...')
#14 {main}
CRITICAL - 2021-05-11 04:49:52 --> Allowed fields must be specified for model: App\Models\KuisModel
#0 C:\xampp\htdocs\ltsa1\vendor\codeigniter4\framework\system\Model.php(1265): CodeIgniter\Database\Exceptions\DataException::forInvalidAllowedFields('App\\Models\\Kuis...')
#1 C:\xampp\htdocs\ltsa1\vendor\codeigniter4\framework\system\Model.php(735): CodeIgniter\Model->doProtectFields(Array)
#2 C:\xampp\htdocs\ltsa1\app\Models\KuisModel.php(24): CodeIgniter\Model->insert(Array)
#3 C:\xampp\htdocs\ltsa1\app\Controllers\Kuis.php(48): App\Models\KuisModel->tambah_soal(Array)
#4 C:\xampp\htdocs\ltsa1\vendor\codeigniter4\framework\system\CodeIgniter.php(918): App\Controllers\Kuis->save()
#5 C:\xampp\htdocs\ltsa1\vendor\codeigniter4\framework\system\CodeIgniter.php(404): CodeIgniter\CodeIgniter->runController(Object(App\Controllers\Kuis))
#6 C:\xampp\htdocs\ltsa1\vendor\codeigniter4\framework\system\CodeIgniter.php(312): CodeIgniter\CodeIgniter->handleRequest(NULL, Object(Config\Cache), false)
#7 C:\xampp\htdocs\ltsa1\public\index.php(45): CodeIgniter\CodeIgniter->run()
#8 C:\xampp\htdocs\ltsa1\vendor\codeigniter4\framework\system\Commands\Server\rewrite.php(34): require_once('C:\\xampp\\htdocs...')
#9 {main}
CRITICAL - 2021-05-11 04:57:38 --> Undefined variable: learninga
#0 C:\xampp\htdocs\ltsa1\app\Views\learning\learning.php(52): CodeIgniter\Debug\Exceptions->errorHandler(8, 'Undefined varia...', 'C:\\xampp\\htdocs...', 52, Array)
#1 C:\xampp\htdocs\ltsa1\vendor\codeigniter4\framework\system\View\View.php(246): include('C:\\xampp\\htdocs...')
#2 C:\xampp\htdocs\ltsa1\vendor\codeigniter4\framework\system\Common.php(1119): CodeIgniter\View\View->render('learning/learni...', Array, true)
#3 C:\xampp\htdocs\ltsa1\app\Views\layout\content.php(3): view('learning/learni...')
#4 C:\xampp\htdocs\ltsa1\vendor\codeigniter4\framework\system\View\View.php(246): include('C:\\xampp\\htdocs...')
#5 C:\xampp\htdocs\ltsa1\vendor\codeigniter4\framework\system\Common.php(1119): CodeIgniter\View\View->render('layout/content....', Array, true)
#6 C:\xampp\htdocs\ltsa1\app\Views\layout\wrapper.php(5): view('layout/content....')
#7 C:\xampp\htdocs\ltsa1\vendor\codeigniter4\framework\system\View\View.php(246): include('C:\\xampp\\htdocs...')
#8 C:\xampp\htdocs\ltsa1\vendor\codeigniter4\framework\system\Common.php(1119): CodeIgniter\View\View->render('layout/wrapper', Array, true)
#9 C:\xampp\htdocs\ltsa1\app\Controllers\Learning.php(24): view('layout/wrapper', Array)
#10 C:\xampp\htdocs\ltsa1\vendor\codeigniter4\framework\system\CodeIgniter.php(918): App\Controllers\Learning->learning()
#11 C:\xampp\htdocs\ltsa1\vendor\codeigniter4\framework\system\CodeIgniter.php(404): CodeIgniter\CodeIgniter->runController(Object(App\Controllers\Learning))
#12 C:\xampp\htdocs\ltsa1\vendor\codeigniter4\framework\system\CodeIgniter.php(312): CodeIgniter\CodeIgniter->handleRequest(NULL, Object(Config\Cache), false)
#13 C:\xampp\htdocs\ltsa1\public\index.php(45): CodeIgniter\CodeIgniter->run()
#14 C:\xampp\htdocs\ltsa1\vendor\codeigniter4\framework\system\Commands\Server\rewrite.php(34): require_once('C:\\xampp\\htdocs...')
#15 {main}
CRITICAL - 2021-05-11 05:18:15 --> Unknown column 'kuis.kode_mapel' in 'on clause'
#0 C:\xampp\htdocs\ltsa1\vendor\codeigniter4\framework\system\Database\MySQLi\Connection.php(331): mysqli->query('SELECT *\nFROM `...')
#1 C:\xampp\htdocs\ltsa1\vendor\codeigniter4\framework\system\Database\BaseConnection.php(741): CodeIgniter\Database\MySQLi\Connection->execute('SELECT *\nFROM `...')
#2 C:\xampp\htdocs\ltsa1\vendor\codeigniter4\framework\system\Database\BaseConnection.php(669): CodeIgniter\Database\BaseConnection->simpleQuery('SELECT *\nFROM `...')
#3 C:\xampp\htdocs\ltsa1\vendor\codeigniter4\framework\system\Database\BaseBuilder.php(1860): CodeIgniter\Database\BaseConnection->query('SELECT *\nFROM `...', Array, false)
#4 C:\xampp\htdocs\ltsa1\app\Models\KelasModel.php(41): CodeIgniter\Database\BaseBuilder->get()
#5 C:\xampp\htdocs\ltsa1\app\Controllers\Kelas.php(55): App\Models\KelasModel->v_kuis('1')
#6 C:\xampp\htdocs\ltsa1\vendor\codeigniter4\framework\system\CodeIgniter.php(918): App\Controllers\Kelas->v_kuis('1')
#7 C:\xampp\htdocs\ltsa1\vendor\codeigniter4\framework\system\CodeIgniter.php(404): CodeIgniter\CodeIgniter->runController(Object(App\Controllers\Kelas))
#8 C:\xampp\htdocs\ltsa1\vendor\codeigniter4\framework\system\CodeIgniter.php(312): CodeIgniter\CodeIgniter->handleRequest(NULL, Object(Config\Cache), false)
#9 C:\xampp\htdocs\ltsa1\public\index.php(45): CodeIgniter\CodeIgniter->run()
#10 C:\xampp\htdocs\ltsa1\vendor\codeigniter4\framework\system\Commands\Server\rewrite.php(34): require_once('C:\\xampp\\htdocs...')
#11 {main}
CRITICAL - 2021-05-11 05:18:29 --> Undefined index: 
#0 C:\xampp\htdocs\ltsa1\app\Views\learning\kuis.php(9): CodeIgniter\Debug\Exceptions->errorHandler(8, 'Undefined index...', 'C:\\xampp\\htdocs...', 9, Array)
#1 C:\xampp\htdocs\ltsa1\vendor\codeigniter4\framework\system\View\View.php(246): include('C:\\xampp\\htdocs...')
#2 C:\xampp\htdocs\ltsa1\vendor\codeigniter4\framework\system\Common.php(1119): CodeIgniter\View\View->render('learning/kuis', Array, true)
#3 C:\xampp\htdocs\ltsa1\app\Views\layout\content.php(3): view('learning/kuis')
#4 C:\xampp\htdocs\ltsa1\vendor\codeigniter4\framework\system\View\View.php(246): include('C:\\xampp\\htdocs...')
#5 C:\xampp\htdocs\ltsa1\vendor\codeigniter4\framework\system\Common.php(1119): CodeIgniter\View\View->render('layout/content....', Array, true)
#6 C:\xampp\htdocs\ltsa1\app\Views\layout\wrapper.php(5): view('layout/content....')
#7 C:\xampp\htdocs\ltsa1\vendor\codeigniter4\framework\system\View\View.php(246): include('C:\\xampp\\htdocs...')
#8 C:\xampp\htdocs\ltsa1\vendor\codeigniter4\framework\system\Common.php(1119): CodeIgniter\View\View->render('layout/wrapper', Array, true)
#9 C:\xampp\htdocs\ltsa1\app\Controllers\Kelas.php(60): view('layout/wrapper', Array)
#10 C:\xampp\htdocs\ltsa1\vendor\codeigniter4\framework\system\CodeIgniter.php(918): App\Controllers\Kelas->v_kuis('1')
#11 C:\xampp\htdocs\ltsa1\vendor\codeigniter4\framework\system\CodeIgniter.php(404): CodeIgniter\CodeIgniter->runController(Object(App\Controllers\Kelas))
#12 C:\xampp\htdocs\ltsa1\vendor\codeigniter4\framework\system\CodeIgniter.php(312): CodeIgniter\CodeIgniter->handleRequest(NULL, Object(Config\Cache), false)
#13 C:\xampp\htdocs\ltsa1\public\index.php(45): CodeIgniter\CodeIgniter->run()
#14 C:\xampp\htdocs\ltsa1\vendor\codeigniter4\framework\system\Commands\Server\rewrite.php(34): require_once('C:\\xampp\\htdocs...')
#15 {main}
