CRITICAL - 2021-04-07 23:37:15 --> Undefined variable: soala
#0 C:\xampp\htdocs\ltsa1\app\Views\learning\learning.php(151): CodeIgniter\Debug\Exceptions->errorHandler(8, 'Undefined varia...', 'C:\\xampp\\htdocs...', 151, Array)
#1 C:\xampp\htdocs\ltsa1\vendor\codeigniter4\framework\system\View\View.php(246): include('C:\\xampp\\htdocs...')
#2 C:\xampp\htdocs\ltsa1\vendor\codeigniter4\framework\system\Common.php(1119): CodeIgniter\View\View->render('learning/learni...', Array, true)
#3 C:\xampp\htdocs\ltsa1\app\Views\layout\content.php(3): view('learning/learni...')
#4 C:\xampp\htdocs\ltsa1\vendor\codeigniter4\framework\system\View\View.php(246): include('C:\\xampp\\htdocs...')
#5 C:\xampp\htdocs\ltsa1\vendor\codeigniter4\framework\system\Common.php(1119): CodeIgniter\View\View->render('layout/content....', Array, true)
#6 C:\xampp\htdocs\ltsa1\app\Views\layout\wrapper.php(5): view('layout/content....')
#7 C:\xampp\htdocs\ltsa1\vendor\codeigniter4\framework\system\View\View.php(246): include('C:\\xampp\\htdocs...')
#8 C:\xampp\htdocs\ltsa1\vendor\codeigniter4\framework\system\Common.php(1119): CodeIgniter\View\View->render('layout/wrapper', Array, true)
#9 C:\xampp\htdocs\ltsa1\app\Controllers\Kelas.php(79): view('layout/wrapper', Array)
#10 C:\xampp\htdocs\ltsa1\vendor\codeigniter4\framework\system\CodeIgniter.php(918): App\Controllers\Kelas->learning_a('1')
#11 C:\xampp\htdocs\ltsa1\vendor\codeigniter4\framework\system\CodeIgniter.php(404): CodeIgniter\CodeIgniter->runController(Object(App\Controllers\Kelas))
#12 C:\xampp\htdocs\ltsa1\vendor\codeigniter4\framework\system\CodeIgniter.php(312): CodeIgniter\CodeIgniter->handleRequest(NULL, Object(Config\Cache), false)
#13 C:\xampp\htdocs\ltsa1\public\index.php(45): CodeIgniter\CodeIgniter->run()
#14 C:\xampp\htdocs\ltsa1\vendor\codeigniter4\framework\system\Commands\Server\rewrite.php(34): require_once('C:\\xampp\\htdocs...')
#15 {main}
CRITICAL - 2021-04-07 23:39:34 --> Undefined property: App\Controllers\Kelas::$KelasMOdel
#0 C:\xampp\htdocs\ltsa1\app\Controllers\Kelas.php(77): CodeIgniter\Debug\Exceptions->errorHandler(8, 'Undefined prope...', 'C:\\xampp\\htdocs...', 77, Array)
#1 C:\xampp\htdocs\ltsa1\vendor\codeigniter4\framework\system\CodeIgniter.php(918): App\Controllers\Kelas->learning_a('1')
#2 C:\xampp\htdocs\ltsa1\vendor\codeigniter4\framework\system\CodeIgniter.php(404): CodeIgniter\CodeIgniter->runController(Object(App\Controllers\Kelas))
#3 C:\xampp\htdocs\ltsa1\vendor\codeigniter4\framework\system\CodeIgniter.php(312): CodeIgniter\CodeIgniter->handleRequest(NULL, Object(Config\Cache), false)
#4 C:\xampp\htdocs\ltsa1\public\index.php(45): CodeIgniter\CodeIgniter->run()
#5 C:\xampp\htdocs\ltsa1\vendor\codeigniter4\framework\system\Commands\Server\rewrite.php(34): require_once('C:\\xampp\\htdocs...')
#6 {main}
